<?xml version="1.0" encoding="UTF-8"?>
<testsuite xmlns:xsi="http://www.w3.org/2001/XMLSchema-instance" xsi:noNamespaceSchemaLocation="https://maven.apache.org/surefire/maven-surefire-plugin/xsd/surefire-test-report-3.0.xsd" version="3.0" name="TestSuite" time="105.91" tests="2" errors="0" skipped="0" failures="1">
  <properties>
[...]
</properties>
  <testcase name="runScenario[&quot;validation of title of page&quot;, &quot;Homepage functionality&quot;](1)" classname="uiappfeature.AmazonTestRunner" time="37.143">
    <system-out><![CDATA[
@sanity
Scenario: validation of title of page    &amp#27;[90m# src/test/resources/uiappfeature/Homepage.feature:3&amp#27;[0m
Chrome
null
Browser name received from command prompt is : null
  &amp#27;[32mGiven &amp#27;[0m&amp#27;[32mI am at landing page&amp#27;[0m             &amp#27;[90m# uiappfeature.HomePageSteps.i_am_at_landing_page()&amp#27;[0m
  &amp#27;[32mThen &amp#27;[0m&amp#27;[32mpage title should have &amp#27;[0m&amp#27;[32m&amp#27;[1m"Shopping"&amp#27;[0m &amp#27;[90m# uiappfeature.HomePageSteps.page_title_should_have(java.lang.String)&amp#27;[0m
  &amp#27;[32mBut &amp#27;[0m&amp#27;[32mI should not see other page&amp#27;[0m        &amp#27;[90m# uiappfeature.HomePageSteps.i_should_not_see_other_page()&amp#27;[0m
]]></system-out>
    <system-err><![CDATA[SLF4J: Failed to load class "org.slf4j.impl.StaticLoggerBinder".
SLF4J: Defaulting to no-operation (NOP) logger implementation
SLF4J: See http://www.slf4j.org/codes.html#StaticLoggerBinder for further details.
Nov 06, 2024 3:48:06 PM org.openqa.selenium.remote.tracing.opentelemetry.OpenTelemetryTracer createTracer
INFO: Using OpenTelemetry for tracing
]]></system-err>
  </testcase>
  <testcase name="runScenario[&quot;verify search product functionality&quot;, &quot;Search product&quot;](2)" classname="uiappfeature.AmazonTestRunner" time="47.591">
    <failure message="no such element: Unable to locate element: {&quot;method&quot;:&quot;xpath&quot;,&quot;selector&quot;:&quot;//*[@id=&apos;nav-search-submit-button123&apos;]&quot;}&#10;  (Session info: chrome=130.0.6723.91)&#10;For documentation on this error, please visit: https://www.selenium.dev/documentation/webdriver/troubleshooting/errors#no-such-element-exception&#10;Build info: version: &apos;4.21.0&apos;, revision: &apos;79ed462ef4&apos;&#10;System info: os.name: &apos;Linux&apos;, os.arch: &apos;amd64&apos;, os.version: &apos;5.15.153.1-microsoft-standard-WSL2&apos;, java.version: &apos;11.0.25&apos;&#10;Driver info: org.openqa.selenium.remote.RemoteWebDriver&#10;Command: [e591ab4dfd6a691d3376fc3bc4772b55, findElement {value=//*[@id=&apos;nav-search-submit-button123&apos;], using=xpath}]&#10;Capabilities {acceptInsecureCerts: false, browserName: chrome, browserVersion: 130.0.6723.91, chrome: {chromedriverVersion: 130.0.6723.91 (53ac07678369..., userDataDir: /tmp/.org.chromium.Chromium...}, fedcm:accounts: true, goog:chromeOptions: {debuggerAddress: localhost:36121}, networkConnectionEnabled: false, pageLoadStrategy: normal, platformName: linux, proxy: Proxy(), se:bidiEnabled: false, se:cdp: ws://172.18.0.4:4444/sessio..., se:cdpVersion: 130.0.6723.91, se:containerName: , se:noVncPort: 7900, se:vnc: ws://172.18.0.4:4444/sessio..., se:vncEnabled: true, se:vncLocalAddress: ws://172.18.0.4:7900, setWindowRect: true, strictFileInteractability: false, timeouts: {implicit: 0, pageLoad: 300000, script: 30000}, unhandledPromptBehavior: dismiss and notify, webauthn:extension:credBlob: true, webauthn:extension:largeBlob: true, webauthn:extension:minPinLength: true, webauthn:extension:prf: true, webauthn:virtualAuthenticators: true}&#10;Session ID: e591ab4dfd6a691d3376fc3bc4772b55" type="org.openqa.selenium.NoSuchElementException"><![CDATA[org.openqa.selenium.NoSuchElementException: 
no such element: Unable to locate element: {"method":"xpath","selector":"//*[@id='nav-search-submit-button123']"}
  (Session info: chrome=130.0.6723.91)
For documentation on this error, please visit: https://www.selenium.dev/documentation/webdriver/troubleshooting/errors#no-such-element-exception
Build info: version: '4.21.0', revision: '79ed462ef4'
System info: os.name: 'Linux', os.arch: 'amd64', os.version: '5.15.153.1-microsoft-standard-WSL2', java.version: '11.0.25'
Driver info: org.openqa.selenium.remote.RemoteWebDriver
Command: [e591ab4dfd6a691d3376fc3bc4772b55, findElement {value=//*[@id='nav-search-submit-button123'], using=xpath}]
Capabilities {acceptInsecureCerts: false, browserName: chrome, browserVersion: 130.0.6723.91, chrome: {chromedriverVersion: 130.0.6723.91 (53ac07678369..., userDataDir: /tmp/.org.chromium.Chromium...}, fedcm:accounts: true, goog:chromeOptions: {debuggerAddress: localhost:36121}, networkConnectionEnabled: false, pageLoadStrategy: normal, platformName: linux, proxy: Proxy(), se:bidiEnabled: false, se:cdp: ws://172.18.0.4:4444/sessio..., se:cdpVersion: 130.0.6723.91, se:containerName: , se:noVncPort: 7900, se:vnc: ws://172.18.0.4:4444/sessio..., se:vncEnabled: true, se:vncLocalAddress: ws://172.18.0.4:7900, setWindowRect: true, strictFileInteractability: false, timeouts: {implicit: 0, pageLoad: 300000, script: 30000}, unhandledPromptBehavior: dismiss and notify, webauthn:extension:credBlob: true, webauthn:extension:largeBlob: true, webauthn:extension:minPinLength: true, webauthn:extension:prf: true, webauthn:virtualAuthenticators: true}
Session ID: e591ab4dfd6a691d3376fc3bc4772b55
	at java.base/jdk.internal.reflect.NativeConstructorAccessorImpl.newInstance0(Native Method)
	at java.base/jdk.internal.reflect.NativeConstructorAccessorImpl.newInstance(NativeConstructorAccessorImpl.java:62)
	at java.base/jdk.internal.reflect.DelegatingConstructorAccessorImpl.newInstance(DelegatingConstructorAccessorImpl.java:45)
	at java.base/java.lang.reflect.Constructor.newInstance(Constructor.java:490)
	at org.openqa.selenium.remote.ErrorCodec.decode(ErrorCodec.java:167)
	at org.openqa.selenium.remote.codec.w3c.W3CHttpResponseCodec.decode(W3CHttpResponseCodec.java:138)
	at org.openqa.selenium.remote.codec.w3c.W3CHttpResponseCodec.decode(W3CHttpResponseCodec.java:50)
	at org.openqa.selenium.remote.HttpCommandExecutor.execute(HttpCommandExecutor.java:190)
	at org.openqa.selenium.remote.TracedCommandExecutor.execute(TracedCommandExecutor.java:51)
	at org.openqa.selenium.remote.RemoteWebDriver.execute(RemoteWebDriver.java:518)
	at org.openqa.selenium.remote.ElementLocation$ElementFinder$2.findElement(ElementLocation.java:165)
	at org.openqa.selenium.remote.ElementLocation.findElement(ElementLocation.java:59)
	at org.openqa.selenium.remote.RemoteWebDriver.findElement(RemoteWebDriver.java:355)
	at org.openqa.selenium.remote.RemoteWebDriver.findElement(RemoteWebDriver.java:349)
	at org.openqa.selenium.support.pagefactory.DefaultElementLocator.findElement(DefaultElementLocator.java:68)
	at org.openqa.selenium.support.pagefactory.internal.LocatingElementHandler.invoke(LocatingElementHandler.java:38)
	at com.sun.proxy.$Proxy21.click(Unknown Source)
	at pages.SearchProduct.enterProduct(SearchProduct.java:37)
	at uiappfeature.SearchProductSteps.i_search_the_name_as_in_searchfield(SearchProductSteps.java:16)
	at ✽.I search the name as "mobile" in searchfield(file:///home/seleniumbddtestframework/src/test/resources/uiappfeature/SearchProduct.feature:5)
]]></failure>
    <system-out><![CDATA[
@sanity
Scenario: verify search product functionality       &amp#27;[90m# src/test/resources/uiappfeature/SearchProduct.feature:3&amp#27;[0m
Chrome
null
Browser name received from command prompt is : null
  &amp#27;[32mGiven &amp#27;[0m&amp#27;[32mI am at landing page&amp#27;[0m                        &amp#27;[90m# uiappfeature.HomePageSteps.i_am_at_landing_page()&amp#27;[0m
  &amp#27;[31mWhen &amp#27;[0m&amp#27;[31mI search the name as &amp#27;[0m&amp#27;[31m&amp#27;[1m"mobile"&amp#27;[0m&amp#27;[31m in searchfield&amp#27;[0m &amp#27;[90m# uiappfeature.SearchProductSteps.i_search_the_name_as_in_searchfield(java.lang.String)&amp#27;[0m
      &amp#27;[31morg.openqa.selenium.NoSuchElementException: no such element: Unable to locate element: {"method":"xpath","selector":"//*[@id='nav-search-submit-button123']"}
  (Session info: chrome=130.0.6723.91)
For documentation on this error, please visit: https://www.selenium.dev/documentation/webdriver/troubleshooting/errors#no-such-element-exception
Build info: version: '4.21.0', revision: '79ed462ef4'
System info: os.name: 'Linux', os.arch: 'amd64', os.version: '5.15.153.1-microsoft-standard-WSL2', java.version: '11.0.25'
Driver info: org.openqa.selenium.remote.RemoteWebDriver
Command: [e591ab4dfd6a691d3376fc3bc4772b55, findElement {value=//*[@id='nav-search-submit-button123'], using=xpath}]
Capabilities {acceptInsecureCerts: false, browserName: chrome, browserVersion: 130.0.6723.91, chrome: {chromedriverVersion: 130.0.6723.91 (53ac07678369..., userDataDir: /tmp/.org.chromium.Chromium...}, fedcm:accounts: true, goog:chromeOptions: {debuggerAddress: localhost:36121}, networkConnectionEnabled: false, pageLoadStrategy: normal, platformName: linux, proxy: Proxy(), se:bidiEnabled: false, se:cdp: ws://172.18.0.4:4444/sessio..., se:cdpVersion: 130.0.6723.91, se:containerName: , se:noVncPort: 7900, se:vnc: ws://172.18.0.4:4444/sessio..., se:vncEnabled: true, se:vncLocalAddress: ws://172.18.0.4:7900, setWindowRect: true, strictFileInteractability: false, timeouts: {implicit: 0, pageLoad: 300000, script: 30000}, unhandledPromptBehavior: dismiss and notify, webauthn:extension:credBlob: true, webauthn:extension:largeBlob: true, webauthn:extension:minPinLength: true, webauthn:extension:prf: true, webauthn:virtualAuthenticators: true}
Session ID: e591ab4dfd6a691d3376fc3bc4772b55
	at java.base/jdk.internal.reflect.NativeConstructorAccessorImpl.newInstance0(Native Method)
	at java.base/jdk.internal.reflect.NativeConstructorAccessorImpl.newInstance(NativeConstructorAccessorImpl.java:62)
	at java.base/jdk.internal.reflect.DelegatingConstructorAccessorImpl.newInstance(DelegatingConstructorAccessorImpl.java:45)
	at java.base/java.lang.reflect.Constructor.newInstance(Constructor.java:490)
	at org.openqa.selenium.remote.ErrorCodec.decode(ErrorCodec.java:167)
	at org.openqa.selenium.remote.codec.w3c.W3CHttpResponseCodec.decode(W3CHttpResponseCodec.java:138)
	at org.openqa.selenium.remote.codec.w3c.W3CHttpResponseCodec.decode(W3CHttpResponseCodec.java:50)
	at org.openqa.selenium.remote.HttpCommandExecutor.execute(HttpCommandExecutor.java:190)
	at org.openqa.selenium.remote.TracedCommandExecutor.execute(TracedCommandExecutor.java:51)
	at org.openqa.selenium.remote.RemoteWebDriver.execute(RemoteWebDriver.java:518)
	at org.openqa.selenium.remote.ElementLocation$ElementFinder$2.findElement(ElementLocation.java:165)
	at org.openqa.selenium.remote.ElementLocation.findElement(ElementLocation.java:59)
	at org.openqa.selenium.remote.RemoteWebDriver.findElement(RemoteWebDriver.java:355)
	at org.openqa.selenium.remote.RemoteWebDriver.findElement(RemoteWebDriver.java:349)
	at org.openqa.selenium.support.pagefactory.DefaultElementLocator.findElement(DefaultElementLocator.java:68)
	at org.openqa.selenium.support.pagefactory.internal.LocatingElementHandler.invoke(LocatingElementHandler.java:38)
	at com.sun.proxy.$Proxy21.click(Unknown Source)
	at pages.SearchProduct.enterProduct(SearchProduct.java:37)
	at uiappfeature.SearchProductSteps.i_search_the_name_as_in_searchfield(SearchProductSteps.java:16)
	at ✽.I search the name as "mobile" in searchfield(file:///home/seleniumbddtestframework/src/test/resources/uiappfeature/SearchProduct.feature:5)
&amp#27;[0m
  &amp#27;[36mThen &amp#27;[0m&amp#27;[36mI should see results&amp#27;[0m                         &amp#27;[90m# uiappfeature.SearchProductSteps.i_should_see_results()&amp#27;[0m

    Embedding verify search product functionality [image/png 540087 bytes]

]]></system-out>
  </testcase>
</testsuite>