<?xml version="1.0" encoding="UTF-8"?>
<testng-results ignored="0" total="1" passed="1" failed="0" skipped="0">
  <reporter-output>
  </reporter-output>
  <suite started-at="2024-05-21T20:35:31 IST" name="Default suite" finished-at="2024-05-21T20:35:33 IST" duration-ms="2214">
    <groups>
      <group name="cucumber">
        <method signature="AbstractTestNGCucumberTests.runScenario(io.cucumber.testng.PickleWrapper,io.cucumber.testng.FeatureWrapper)[pri:0, instance:runner.RegistrationRunner2@7bab3f1a]" name="runScenario" class="io.cucumber.testng.AbstractTestNGCucumberTests"/>
      </group> <!-- cucumber -->
    </groups>
    <test started-at="2024-05-21T20:35:31 IST" name="Default test" finished-at="2024-05-21T20:35:33 IST" duration-ms="2214">
      <class name="runner.RegistrationRunner2">
        <test-method is-config="true" signature="setUpClass(org.testng.ITestContext)[pri:0, instance:runner.RegistrationRunner2@7bab3f1a]" started-at="2024-05-21T20:35:31 IST" name="setUpClass" finished-at="2024-05-21T20:35:32 IST" duration-ms="1480" status="PASS">
          <params>
            <param index="0">
              <value>
                <![CDATA[org.testng.TestRunner@676f0a60]]>
              </value>
            </param>
          </params>
          <reporter-output>
          </reporter-output>
        </test-method> <!-- setUpClass -->
        <test-method signature="runScenario(io.cucumber.testng.PickleWrapper,io.cucumber.testng.FeatureWrapper)[pri:0, instance:runner.RegistrationRunner2@7bab3f1a]" started-at="2024-05-21T20:35:32 IST" name="runScenario" description="Runs Cucumber Scenarios" data-provider="scenarios" finished-at="2024-05-21T20:35:33 IST" duration-ms="455" status="PASS">
          <params>
            <param index="0">
              <value>
                <![CDATA["Opening bank account with nominee"]]>
              </value>
            </param>
            <param index="1">
              <value>
                <![CDATA["Opening bank account"]]>
              </value>
            </param>
          </params>
          <reporter-output>
          </reporter-output>
        </test-method> <!-- runScenario -->
        <test-method is-config="true" signature="tearDownClass()[pri:0, instance:runner.RegistrationRunner2@7bab3f1a]" started-at="2024-05-21T20:35:33 IST" name="tearDownClass" finished-at="2024-05-21T20:35:33 IST" duration-ms="116" status="PASS">
          <reporter-output>
          </reporter-output>
        </test-method> <!-- tearDownClass -->
      </class> <!-- runner.RegistrationRunner2 -->
    </test> <!-- Default test -->
  </suite> <!-- Default suite -->
</testng-results>
