<?xml version="1.0" encoding="UTF-8"?>
<!-- Generated by org.testng.reporters.JUnitReportReporter -->
<testsuite hostname="DESKTOP-5EVK54D" failures="0" tests="4" name="runner.ScenarioOutlineRunner" time="0.577" errors="1" timestamp="2024-05-17T21:11:33 IST" skipped="0">
  <testcase classname="runner.ScenarioOutlineRunner" name="runScenario" time="0.068">
    <error type="java.lang.NullPointerException">
      <![CDATA[java.lang.NullPointerException
at steps.ScenarioOutlineSteps.user_enters_age_as(ScenarioOutlineSteps.java:24)
at ✽.user enters age as 40(file:///F:/Desktop/VimanNagar/May%2021/BDDCucumberBasics11May/src/test/resources/appfeature/ScenarioOutline.feature:5)
]]>
    </error>
  </testcase> <!-- runScenario -->
  <system-out/>
  <testcase classname="runner.ScenarioOutlineRunner" name="runScenario" time="0.091"/>
  <system-out/>
  <testcase classname="runner.ScenarioOutlineRunner" name="runScenario" time="0.062"/>
  <system-out/>
  <testcase classname="runner.ScenarioOutlineRunner" name="runScenario" time="0.356"/>
  <system-out/>
</testsuite> <!-- runner.ScenarioOutlineRunner -->
